android/app/build/intermediates/manifest_merge_blame_file/release/manifest-merger-blame-release-report.txt
1<?xml version="1.0" encoding="utf-8"?>
2<manifest xmlns:android="http://schemas.android.com/apk/res/android"
3    package="com.testify_app"
4    android:targetSandboxVersion="1"
5    android:versionCode="1"
6    android:versionName="1.0" >
7
8    <uses-sdk
9        android:minSdkVersion="21"
9-->src/main/AndroidManifest.xml
10        android:targetSdkVersion="31" />
10-->src/main/AndroidManifest.xml
11
12    <uses-permission android:name="android.permission.INTERNET" />
12-->src/main/AndroidManifest.xml:5:5-67
12-->src/main/AndroidManifest.xml:5:22-64
13    <uses-permission android:name="android.permission.ACCESS_NETWORK_STATE" />
13-->src/main/AndroidManifest.xml:6:5-79
13-->src/main/AndroidManifest.xml:6:22-76
14    <uses-permission android:name="android.permission.SYSTEM_ALERT_WINDOW" />
14-->src/main/AndroidManifest.xml:7:5-78
14-->src/main/AndroidManifest.xml:7:22-75
15    <uses-permission android:name="android.permission.WAKE_LOCK" />
15-->[:react-native-firebase_auth] AndroidManifest.xml:10:5-68
15-->[:react-native-firebase_auth] AndroidManifest.xml:10:22-65
16
17    <queries>
17-->[com.facebook.android:facebook-common:14.1.1] AndroidManifest.xml:29:5-31:15
18        <package android:name="com.facebook.katana" />
18-->[com.facebook.android:facebook-common:14.1.1] AndroidManifest.xml:30:9-55
18-->[com.facebook.android:facebook-common:14.1.1] AndroidManifest.xml:30:18-52
19    </queries>
20
21    <uses-permission android:name="android.permission.POST_NOTIFICATIONS" /> <!-- Required by older versions of Google Play services to create IID tokens -->
21-->[com.google.firebase:firebase-messaging:23.0.7] AndroidManifest.xml:26:5-77
21-->[com.google.firebase:firebase-messaging:23.0.7] AndroidManifest.xml:26:22-74
22    <uses-permission android:name="com.google.android.c2dm.permission.RECEIVE" />
22-->[com.google.firebase:firebase-messaging:23.0.7] AndroidManifest.xml:29:5-82
22-->[com.google.firebase:firebase-messaging:23.0.7] AndroidManifest.xml:29:22-79
23    <uses-permission android:name="com.google.android.gms.permission.AD_ID" />
23-->[com.google.android.gms:play-services-measurement-api:21.1.0] AndroidManifest.xml:25:5-79
23-->[com.google.android.gms:play-services-measurement-api:21.1.0] AndroidManifest.xml:25:22-76
24    <uses-permission android:name="com.google.android.finsky.permission.BIND_GET_INSTALL_REFERRER_SERVICE" /> <!-- for android -->
24-->[com.google.android.gms:play-services-measurement:21.1.0] AndroidManifest.xml:26:5-110
24-->[com.google.android.gms:play-services-measurement:21.1.0] AndroidManifest.xml:26:22-107
25    <!-- <uses-permission android:name="com.android.launcher.permission.READ_SETTINGS"/> -->
26    <!-- <uses-permission android:name="com.android.launcher.permission.WRITE_SETTINGS"/> -->
27    <!-- <uses-permission android:name="com.android.launcher.permission.INSTALL_SHORTCUT" /> -->
28    <!-- <uses-permission android:name="com.android.launcher.permission.UNINSTALL_SHORTCUT" /> -->
29    <!-- for Samsung -->
30    <uses-permission android:name="com.sec.android.provider.badge.permission.READ" />
30-->[me.leolin:ShortcutBadger:1.1.22] AndroidManifest.xml:19:5-86
30-->[me.leolin:ShortcutBadger:1.1.22] AndroidManifest.xml:19:22-83
31    <uses-permission android:name="com.sec.android.provider.badge.permission.WRITE" /> <!-- for htc -->
31-->[me.leolin:ShortcutBadger:1.1.22] AndroidManifest.xml:20:5-87
31-->[me.leolin:ShortcutBadger:1.1.22] AndroidManifest.xml:20:22-84
32    <uses-permission android:name="com.htc.launcher.permission.READ_SETTINGS" />
32-->[me.leolin:ShortcutBadger:1.1.22] AndroidManifest.xml:23:5-81
32-->[me.leolin:ShortcutBadger:1.1.22] AndroidManifest.xml:23:22-78
33    <uses-permission android:name="com.htc.launcher.permission.UPDATE_SHORTCUT" /> <!-- for sony -->
33-->[me.leolin:ShortcutBadger:1.1.22] AndroidManifest.xml:24:5-83
33-->[me.leolin:ShortcutBadger:1.1.22] AndroidManifest.xml:24:22-80
34    <uses-permission android:name="com.sonyericsson.home.permission.BROADCAST_BADGE" />
34-->[me.leolin:ShortcutBadger:1.1.22] AndroidManifest.xml:27:5-88
34-->[me.leolin:ShortcutBadger:1.1.22] AndroidManifest.xml:27:22-85
35    <uses-permission android:name="com.sonymobile.home.permission.PROVIDER_INSERT_BADGE" /> <!-- for apex -->
35-->[me.leolin:ShortcutBadger:1.1.22] AndroidManifest.xml:28:5-92
35-->[me.leolin:ShortcutBadger:1.1.22] AndroidManifest.xml:28:22-89
36    <uses-permission android:name="com.anddoes.launcher.permission.UPDATE_COUNT" /> <!-- for solid -->
36-->[me.leolin:ShortcutBadger:1.1.22] AndroidManifest.xml:31:5-84
36-->[me.leolin:ShortcutBadger:1.1.22] AndroidManifest.xml:31:22-81
37    <uses-permission android:name="com.majeur.launcher.permission.UPDATE_BADGE" /> <!-- for huawei -->
37-->[me.leolin:ShortcutBadger:1.1.22] AndroidManifest.xml:34:5-83
37-->[me.leolin:ShortcutBadger:1.1.22] AndroidManifest.xml:34:22-80
38    <uses-permission android:name="com.huawei.android.launcher.permission.CHANGE_BADGE" />
38-->[me.leolin:ShortcutBadger:1.1.22] AndroidManifest.xml:37:5-91
38-->[me.leolin:ShortcutBadger:1.1.22] AndroidManifest.xml:37:22-88
39    <uses-permission android:name="com.huawei.android.launcher.permission.READ_SETTINGS" />
39-->[me.leolin:ShortcutBadger:1.1.22] AndroidManifest.xml:38:5-92
39-->[me.leolin:ShortcutBadger:1.1.22] AndroidManifest.xml:38:22-89
40    <uses-permission android:name="com.huawei.android.launcher.permission.WRITE_SETTINGS" /> <!-- for ZUK -->
40-->[me.leolin:ShortcutBadger:1.1.22] AndroidManifest.xml:39:5-93
40-->[me.leolin:ShortcutBadger:1.1.22] AndroidManifest.xml:39:22-90
41    <uses-permission android:name="android.permission.READ_APP_BADGE" /> <!-- for OPPO -->
41-->[me.leolin:ShortcutBadger:1.1.22] AndroidManifest.xml:42:5-73
41-->[me.leolin:ShortcutBadger:1.1.22] AndroidManifest.xml:42:22-70
42    <uses-permission android:name="com.oppo.launcher.permission.READ_SETTINGS" />
42-->[me.leolin:ShortcutBadger:1.1.22] AndroidManifest.xml:45:5-82
42-->[me.leolin:ShortcutBadger:1.1.22] AndroidManifest.xml:45:22-79
43    <uses-permission android:name="com.oppo.launcher.permission.WRITE_SETTINGS" /> <!-- for EvMe -->
43-->[me.leolin:ShortcutBadger:1.1.22] AndroidManifest.xml:46:5-83
43-->[me.leolin:ShortcutBadger:1.1.22] AndroidManifest.xml:46:22-80
44    <uses-permission android:name="me.everything.badger.permission.BADGE_COUNT_READ" />
44-->[me.leolin:ShortcutBadger:1.1.22] AndroidManifest.xml:49:5-88
44-->[me.leolin:ShortcutBadger:1.1.22] AndroidManifest.xml:49:22-85
45    <uses-permission android:name="me.everything.badger.permission.BADGE_COUNT_WRITE" />
45-->[me.leolin:ShortcutBadger:1.1.22] AndroidManifest.xml:50:5-89
45-->[me.leolin:ShortcutBadger:1.1.22] AndroidManifest.xml:50:22-86
46
47    <application
47-->src/main/AndroidManifest.xml:9:5-40:19
48        android:name="com.testify_app.MainApplication"
48-->src/main/AndroidManifest.xml:10:9-40
49        android:allowBackup="false"
49-->src/main/AndroidManifest.xml:11:9-36
50        android:appComponentFactory="androidx.core.app.CoreComponentFactory"
50-->[androidx.core:core:1.6.0] AndroidManifest.xml:24:18-86
51        android:icon="@mipmap/ic_launcher"
51-->src/main/AndroidManifest.xml:12:9-43
52        android:label="@string/app_name"
52-->src/main/AndroidManifest.xml:13:9-41
53        android:networkSecurityConfig="@xml/network_security_config"
53-->src/main/AndroidManifest.xml:17:9-69
54        android:roundIcon="@mipmap/ic_launcher_round"
54-->src/main/AndroidManifest.xml:14:9-54
55        android:supportsRtl="true"
55-->[com.facebook.android:facebook-android-sdk:14.1.1] AndroidManifest.xml:28:18-44
56        android:theme="@style/AppTheme"
56-->src/main/AndroidManifest.xml:15:9-40
57        android:usesCleartextTraffic="true" >
57-->src/main/AndroidManifest.xml:16:9-44
58        <meta-data
58-->src/main/AndroidManifest.xml:20:9-22:63
59            android:name="com.google.android.actions"
59-->src/main/AndroidManifest.xml:21:13-54
60            android:resource="@xml/network_security_config" />
60-->src/main/AndroidManifest.xml:22:13-60
61        <meta-data
61-->src/main/AndroidManifest.xml:23:9-107
62            android:name="com.facebook.sdk.ApplicationId"
62-->src/main/AndroidManifest.xml:23:20-65
63            android:value="@string/facebook_app_id" />
63-->src/main/AndroidManifest.xml:23:66-105
64        <meta-data
64-->src/main/AndroidManifest.xml:24:9-111
65            android:name="com.facebook.sdk.ClientToken"
65-->src/main/AndroidManifest.xml:24:20-63
66            android:value="@string/facebook_client_token" />
66-->src/main/AndroidManifest.xml:24:64-109
67
68        <activity
68-->src/main/AndroidManifest.xml:25:9-38:20
69            android:name="com.testify_app.MainActivity"
69-->src/main/AndroidManifest.xml:26:13-41
70            android:configChanges="keyboard|keyboardHidden|orientation|screenLayout|screenSize|smallestScreenSize|uiMode"
70-->src/main/AndroidManifest.xml:27:13-122
71            android:exported="true"
71-->src/main/AndroidManifest.xml:28:13-36
72            android:label="@string/app_name"
72-->src/main/AndroidManifest.xml:29:13-45
73            android:launchMode="singleTask"
73-->src/main/AndroidManifest.xml:30:13-44
74            android:windowSoftInputMode="adjustResize" >
74-->src/main/AndroidManifest.xml:31:13-55
75            <intent-filter>
75-->src/main/AndroidManifest.xml:32:13-36:29
76                <action android:name="android.intent.action.MAIN" />
76-->src/main/AndroidManifest.xml:33:17-69
76-->src/main/AndroidManifest.xml:33:25-66
77
78                <category android:name="android.intent.category.LAUNCHER" />
78-->src/main/AndroidManifest.xml:35:17-77
78-->src/main/AndroidManifest.xml:35:27-74
79            </intent-filter>
80        </activity>
81
82        <meta-data
82-->[:react-native-firebase_app] AndroidManifest.xml:11:9-13:36
83            android:name="app_data_collection_default_enabled"
83-->[:react-native-firebase_app] AndroidManifest.xml:12:13-63
84            android:value="true" />
84-->[:react-native-firebase_app] AndroidManifest.xml:13:13-33
85
86        <service
86-->[:react-native-firebase_app] AndroidManifest.xml:15:9-23:19
87            android:name="com.google.firebase.components.ComponentDiscoveryService"
87-->[:react-native-firebase_app] AndroidManifest.xml:16:13-84
88            android:directBootAware="true"
88-->[:react-native-firebase_app] AndroidManifest.xml:17:13-43
89            android:exported="false" >
89-->[:react-native-firebase_app] AndroidManifest.xml:18:13-37
90            <meta-data
90-->[:react-native-firebase_app] AndroidManifest.xml:20:13-22:85
91                android:name="com.google.firebase.components:io.invertase.firebase.app.ReactNativeFirebaseAppRegistrar"
91-->[:react-native-firebase_app] AndroidManifest.xml:21:17-120
92                android:value="com.google.firebase.components.ComponentRegistrar" />
92-->[:react-native-firebase_app] AndroidManifest.xml:22:17-82
93            <meta-data
93-->[com.google.firebase:firebase-messaging:23.0.7] AndroidManifest.xml:56:13-58:85
94                android:name="com.google.firebase.components:com.google.firebase.messaging.FirebaseMessagingRegistrar"
94-->[com.google.firebase:firebase-messaging:23.0.7] AndroidManifest.xml:57:17-119
95                android:value="com.google.firebase.components.ComponentRegistrar" />
95-->[com.google.firebase:firebase-messaging:23.0.7] AndroidManifest.xml:58:17-82
96            <meta-data
96-->[com.google.firebase:firebase-datatransport:18.1.5] AndroidManifest.xml:28:13-30:85
97                android:name="com.google.firebase.components:com.google.firebase.datatransport.TransportRegistrar"
97-->[com.google.firebase:firebase-datatransport:18.1.5] AndroidManifest.xml:29:17-115
98                android:value="com.google.firebase.components.ComponentRegistrar" />
98-->[com.google.firebase:firebase-datatransport:18.1.5] AndroidManifest.xml:30:17-82
99            <meta-data
99-->[com.google.firebase:firebase-auth:21.0.7] AndroidManifest.xml:67:13-69:85
100                android:name="com.google.firebase.components:com.google.firebase.auth.FirebaseAuthRegistrar"
100-->[com.google.firebase:firebase-auth:21.0.7] AndroidManifest.xml:68:17-109
101                android:value="com.google.firebase.components.ComponentRegistrar" />
101-->[com.google.firebase:firebase-auth:21.0.7] AndroidManifest.xml:69:17-82
102            <meta-data
102-->[com.google.android.gms:play-services-measurement-api:21.1.0] AndroidManifest.xml:31:13-33:85
103                android:name="com.google.firebase.components:com.google.firebase.analytics.connector.internal.AnalyticsConnectorRegistrar"
103-->[com.google.android.gms:play-services-measurement-api:21.1.0] AndroidManifest.xml:32:17-139
104                android:value="com.google.firebase.components.ComponentRegistrar" />
104-->[com.google.android.gms:play-services-measurement-api:21.1.0] AndroidManifest.xml:33:17-82
105            <meta-data
105-->[com.google.firebase:firebase-installations:17.0.1] AndroidManifest.xml:18:13-20:85
106                android:name="com.google.firebase.components:com.google.firebase.installations.FirebaseInstallationsRegistrar"
106-->[com.google.firebase:firebase-installations:17.0.1] AndroidManifest.xml:19:17-127
107                android:value="com.google.firebase.components.ComponentRegistrar" />
107-->[com.google.firebase:firebase-installations:17.0.1] AndroidManifest.xml:20:17-82
108        </service>
109
110        <provider
110-->[:react-native-firebase_app] AndroidManifest.xml:25:9-29:38
111            android:name="io.invertase.firebase.app.ReactNativeFirebaseAppInitProvider"
111-->[:react-native-firebase_app] AndroidManifest.xml:26:13-88
112            android:authorities="com.testify_app.reactnativefirebaseappinitprovider"
112-->[:react-native-firebase_app] AndroidManifest.xml:27:13-86
113            android:exported="false"
113-->[:react-native-firebase_app] AndroidManifest.xml:28:13-37
114            android:initOrder="99" />
114-->[:react-native-firebase_app] AndroidManifest.xml:29:13-35
115
116        <activity
116-->[com.facebook.android:facebook-common:14.1.1] AndroidManifest.xml:34:9-37:66
117            android:name="com.facebook.FacebookActivity"
117-->[com.facebook.android:facebook-common:14.1.1] AndroidManifest.xml:35:13-57
118            android:configChanges="keyboard|keyboardHidden|screenLayout|screenSize|orientation"
118-->[com.facebook.android:facebook-common:14.1.1] AndroidManifest.xml:36:13-96
119            android:theme="@style/com_facebook_activity_theme" />
119-->[com.facebook.android:facebook-common:14.1.1] AndroidManifest.xml:37:13-63
120        <activity android:name="com.facebook.CustomTabMainActivity" />
120-->[com.facebook.android:facebook-common:14.1.1] AndroidManifest.xml:38:9-71
120-->[com.facebook.android:facebook-common:14.1.1] AndroidManifest.xml:38:19-68
121        <activity
121-->[com.facebook.android:facebook-common:14.1.1] AndroidManifest.xml:39:9-53:20
122            android:name="com.facebook.CustomTabActivity"
122-->[com.facebook.android:facebook-common:14.1.1] AndroidManifest.xml:40:13-58
123            android:exported="true" >
123-->[com.facebook.android:facebook-common:14.1.1] AndroidManifest.xml:41:13-36
124            <intent-filter>
124-->[com.facebook.android:facebook-common:14.1.1] AndroidManifest.xml:43:13-52:29
125                <action android:name="android.intent.action.VIEW" />
125-->[com.facebook.android:facebook-common:14.1.1] AndroidManifest.xml:44:17-69
125-->[com.facebook.android:facebook-common:14.1.1] AndroidManifest.xml:44:25-66
126
127                <category android:name="android.intent.category.DEFAULT" />
127-->[com.facebook.android:facebook-common:14.1.1] AndroidManifest.xml:46:17-76
127-->[com.facebook.android:facebook-common:14.1.1] AndroidManifest.xml:46:27-73
128                <category android:name="android.intent.category.BROWSABLE" />
128-->[com.facebook.android:facebook-common:14.1.1] AndroidManifest.xml:47:17-78
128-->[com.facebook.android:facebook-common:14.1.1] AndroidManifest.xml:47:27-75
129
130                <data
130-->[com.facebook.android:facebook-common:14.1.1] AndroidManifest.xml:49:17-51:50
131                    android:host="cct.com.testify_app"
131-->[com.facebook.android:facebook-common:14.1.1] AndroidManifest.xml:50:21-56
132                    android:scheme="fbconnect" />
132-->[com.facebook.android:facebook-common:14.1.1] AndroidManifest.xml:51:21-47
133            </intent-filter>
134        </activity>
135
136        <receiver
136-->[com.google.firebase:firebase-messaging:23.0.7] AndroidManifest.xml:32:9-39:20
137            android:name="com.google.firebase.iid.FirebaseInstanceIdReceiver"
137-->[com.google.firebase:firebase-messaging:23.0.7] AndroidManifest.xml:33:13-78
138            android:exported="true"
138-->[com.google.firebase:firebase-messaging:23.0.7] AndroidManifest.xml:34:13-36
139            android:permission="com.google.android.c2dm.permission.SEND" >
139-->[com.google.firebase:firebase-messaging:23.0.7] AndroidManifest.xml:35:13-73
140            <intent-filter>
140-->[com.google.firebase:firebase-messaging:23.0.7] AndroidManifest.xml:36:13-38:29
141                <action android:name="com.google.android.c2dm.intent.RECEIVE" />
141-->[com.google.firebase:firebase-messaging:23.0.7] AndroidManifest.xml:37:17-81
141-->[com.google.firebase:firebase-messaging:23.0.7] AndroidManifest.xml:37:25-78
142            </intent-filter>
143        </receiver>
144        <!--
145             FirebaseMessagingService performs security checks at runtime,
146             but set to not exported to explicitly avoid allowing another app to call it.
147        -->
148        <service
148-->[com.google.firebase:firebase-messaging:23.0.7] AndroidManifest.xml:45:9-52:19
149            android:name="com.google.firebase.messaging.FirebaseMessagingService"
149-->[com.google.firebase:firebase-messaging:23.0.7] AndroidManifest.xml:46:13-82
150            android:directBootAware="true"
150-->[com.google.firebase:firebase-messaging:23.0.7] AndroidManifest.xml:47:13-43
151            android:exported="false" >
151-->[com.google.firebase:firebase-messaging:23.0.7] AndroidManifest.xml:48:13-37
152            <intent-filter android:priority="-500" >
152-->[com.google.firebase:firebase-messaging:23.0.7] AndroidManifest.xml:49:13-51:29
152-->[com.google.firebase:firebase-messaging:23.0.7] AndroidManifest.xml:49:28-51
153                <action android:name="com.google.firebase.MESSAGING_EVENT" />
153-->[com.google.firebase:firebase-messaging:23.0.7] AndroidManifest.xml:50:17-78
153-->[com.google.firebase:firebase-messaging:23.0.7] AndroidManifest.xml:50:25-75
154            </intent-filter>
155        </service>
156        <service
156-->[com.google.android.datatransport:transport-backend-cct:3.1.6] AndroidManifest.xml:29:9-35:19
157            android:name="com.google.android.datatransport.runtime.backends.TransportBackendDiscovery"
157-->[com.google.android.datatransport:transport-backend-cct:3.1.6] AndroidManifest.xml:30:13-103
158            android:exported="false" >
158-->[com.google.android.datatransport:transport-backend-cct:3.1.6] AndroidManifest.xml:31:13-37
159            <meta-data
159-->[com.google.android.datatransport:transport-backend-cct:3.1.6] AndroidManifest.xml:32:13-34:39
160                android:name="backend:com.google.android.datatransport.cct.CctBackendFactory"
160-->[com.google.android.datatransport:transport-backend-cct:3.1.6] AndroidManifest.xml:33:17-94
161                android:value="cct" />
161-->[com.google.android.datatransport:transport-backend-cct:3.1.6] AndroidManifest.xml:34:17-36
162        </service>
163        <service
163-->[com.google.android.datatransport:transport-runtime:3.1.6] AndroidManifest.xml:26:9-30:19
164            android:name="com.google.android.datatransport.runtime.scheduling.jobscheduling.JobInfoSchedulerService"
164-->[com.google.android.datatransport:transport-runtime:3.1.6] AndroidManifest.xml:27:13-117
165            android:exported="false"
165-->[com.google.android.datatransport:transport-runtime:3.1.6] AndroidManifest.xml:28:13-37
166            android:permission="android.permission.BIND_JOB_SERVICE" >
166-->[com.google.android.datatransport:transport-runtime:3.1.6] AndroidManifest.xml:29:13-69
167        </service>
168
169        <receiver
169-->[com.google.android.datatransport:transport-runtime:3.1.6] AndroidManifest.xml:32:9-34:40
170            android:name="com.google.android.datatransport.runtime.scheduling.jobscheduling.AlarmManagerSchedulerBroadcastReceiver"
170-->[com.google.android.datatransport:transport-runtime:3.1.6] AndroidManifest.xml:33:13-132
171            android:exported="false" />
171-->[com.google.android.datatransport:transport-runtime:3.1.6] AndroidManifest.xml:34:13-37
172
173        <activity
173-->[com.google.firebase:firebase-auth:21.0.7] AndroidManifest.xml:27:9-44:20
174            android:name="com.google.firebase.auth.internal.GenericIdpActivity"
174-->[com.google.firebase:firebase-auth:21.0.7] AndroidManifest.xml:28:13-80
175            android:excludeFromRecents="true"
175-->[com.google.firebase:firebase-auth:21.0.7] AndroidManifest.xml:29:13-46
176            android:exported="true"
176-->[com.google.firebase:firebase-auth:21.0.7] AndroidManifest.xml:30:13-36
177            android:launchMode="singleTask"
177-->[com.google.firebase:firebase-auth:21.0.7] AndroidManifest.xml:31:13-44
178            android:theme="@android:style/Theme.Translucent.NoTitleBar" >
178-->[com.google.firebase:firebase-auth:21.0.7] AndroidManifest.xml:32:13-72
179            <intent-filter>
179-->[com.google.firebase:firebase-auth:21.0.7] AndroidManifest.xml:33:13-43:29
180                <action android:name="android.intent.action.VIEW" />
180-->[com.facebook.android:facebook-common:14.1.1] AndroidManifest.xml:44:17-69
180-->[com.facebook.android:facebook-common:14.1.1] AndroidManifest.xml:44:25-66
181
182                <category android:name="android.intent.category.DEFAULT" />
182-->[com.facebook.android:facebook-common:14.1.1] AndroidManifest.xml:46:17-76
182-->[com.facebook.android:facebook-common:14.1.1] AndroidManifest.xml:46:27-73
183                <category android:name="android.intent.category.BROWSABLE" />
183-->[com.facebook.android:facebook-common:14.1.1] AndroidManifest.xml:47:17-78
183-->[com.facebook.android:facebook-common:14.1.1] AndroidManifest.xml:47:27-75
184
185                <data
185-->[com.facebook.android:facebook-common:14.1.1] AndroidManifest.xml:49:17-51:50
186                    android:host="firebase.auth"
186-->[com.facebook.android:facebook-common:14.1.1] AndroidManifest.xml:50:21-56
187                    android:path="/"
188                    android:scheme="genericidp" />
188-->[com.facebook.android:facebook-common:14.1.1] AndroidManifest.xml:51:21-47
189            </intent-filter>
190        </activity>
191        <activity
191-->[com.google.firebase:firebase-auth:21.0.7] AndroidManifest.xml:45:9-62:20
192            android:name="com.google.firebase.auth.internal.RecaptchaActivity"
192-->[com.google.firebase:firebase-auth:21.0.7] AndroidManifest.xml:46:13-79
193            android:excludeFromRecents="true"
193-->[com.google.firebase:firebase-auth:21.0.7] AndroidManifest.xml:47:13-46
194            android:exported="true"
194-->[com.google.firebase:firebase-auth:21.0.7] AndroidManifest.xml:48:13-36
195            android:launchMode="singleTask"
195-->[com.google.firebase:firebase-auth:21.0.7] AndroidManifest.xml:49:13-44
196            android:theme="@android:style/Theme.Translucent.NoTitleBar" >
196-->[com.google.firebase:firebase-auth:21.0.7] AndroidManifest.xml:50:13-72
197            <intent-filter>
197-->[com.google.firebase:firebase-auth:21.0.7] AndroidManifest.xml:51:13-61:29
198                <action android:name="android.intent.action.VIEW" />
198-->[com.facebook.android:facebook-common:14.1.1] AndroidManifest.xml:44:17-69
198-->[com.facebook.android:facebook-common:14.1.1] AndroidManifest.xml:44:25-66
199
200                <category android:name="android.intent.category.DEFAULT" />
200-->[com.facebook.android:facebook-common:14.1.1] AndroidManifest.xml:46:17-76
200-->[com.facebook.android:facebook-common:14.1.1] AndroidManifest.xml:46:27-73
201                <category android:name="android.intent.category.BROWSABLE" />
201-->[com.facebook.android:facebook-common:14.1.1] AndroidManifest.xml:47:17-78
201-->[com.facebook.android:facebook-common:14.1.1] AndroidManifest.xml:47:27-75
202
203                <data
203-->[com.facebook.android:facebook-common:14.1.1] AndroidManifest.xml:49:17-51:50
204                    android:host="firebase.auth"
204-->[com.facebook.android:facebook-common:14.1.1] AndroidManifest.xml:50:21-56
205                    android:path="/"
206                    android:scheme="recaptcha" />
206-->[com.facebook.android:facebook-common:14.1.1] AndroidManifest.xml:51:21-47
207            </intent-filter>
208        </activity>
209
210        <provider
210-->[com.google.firebase:firebase-common:20.1.1] AndroidManifest.xml:26:9-31:39
211            android:name="com.google.firebase.provider.FirebaseInitProvider"
211-->[com.google.firebase:firebase-common:20.1.1] AndroidManifest.xml:27:13-77
212            android:authorities="com.testify_app.firebaseinitprovider"
212-->[com.google.firebase:firebase-common:20.1.1] AndroidManifest.xml:28:13-72
213            android:directBootAware="true"
213-->[com.google.firebase:firebase-common:20.1.1] AndroidManifest.xml:29:13-43
214            android:exported="false"
214-->[com.google.firebase:firebase-common:20.1.1] AndroidManifest.xml:30:13-37
215            android:initOrder="100" />
215-->[com.google.firebase:firebase-common:20.1.1] AndroidManifest.xml:31:13-36
216        <!--
217         The initialization ContentProvider will call FacebookSdk.sdkInitialize automatically
218         with the application context. This config is merged in with the host app's manifest,
219         but there can only be one provider with the same authority activated at any given
220         point; so if the end user has two or more different apps that use Facebook SDK, only the
221         first one will be able to use the provider. To work around this problem, we use the
222         following placeholder in the authority to identify each host application as if it was
223         a completely different provider.
224        -->
225        <provider
225-->[com.facebook.android:facebook-core:14.1.1] AndroidManifest.xml:41:9-44:40
226            android:name="com.facebook.internal.FacebookInitProvider"
226-->[com.facebook.android:facebook-core:14.1.1] AndroidManifest.xml:42:13-70
227            android:authorities="com.testify_app.FacebookInitProvider"
227-->[com.facebook.android:facebook-core:14.1.1] AndroidManifest.xml:43:13-72
228            android:exported="false" />
228-->[com.facebook.android:facebook-core:14.1.1] AndroidManifest.xml:44:13-37
229
230        <receiver
230-->[com.facebook.android:facebook-core:14.1.1] AndroidManifest.xml:46:9-52:20
231            android:name="com.facebook.CurrentAccessTokenExpirationBroadcastReceiver"
231-->[com.facebook.android:facebook-core:14.1.1] AndroidManifest.xml:47:13-86
232            android:exported="false" >
232-->[com.facebook.android:facebook-core:14.1.1] AndroidManifest.xml:48:13-37
233            <intent-filter>
233-->[com.facebook.android:facebook-core:14.1.1] AndroidManifest.xml:49:13-51:29
234                <action android:name="com.facebook.sdk.ACTION_CURRENT_ACCESS_TOKEN_CHANGED" />
234-->[com.facebook.android:facebook-core:14.1.1] AndroidManifest.xml:50:17-95
234-->[com.facebook.android:facebook-core:14.1.1] AndroidManifest.xml:50:25-92
235            </intent-filter>
236        </receiver>
237        <receiver
237-->[com.facebook.android:facebook-core:14.1.1] AndroidManifest.xml:53:9-59:20
238            android:name="com.facebook.AuthenticationTokenManager$CurrentAuthenticationTokenChangedBroadcastReceiver"
238-->[com.facebook.android:facebook-core:14.1.1] AndroidManifest.xml:54:13-118
239            android:exported="false" >
239-->[com.facebook.android:facebook-core:14.1.1] AndroidManifest.xml:55:13-37
240            <intent-filter>
240-->[com.facebook.android:facebook-core:14.1.1] AndroidManifest.xml:56:13-58:29
241                <action android:name="com.facebook.sdk.ACTION_CURRENT_AUTHENTICATION_TOKEN_CHANGED" />
241-->[com.facebook.android:facebook-core:14.1.1] AndroidManifest.xml:57:17-103
241-->[com.facebook.android:facebook-core:14.1.1] AndroidManifest.xml:57:25-100
242            </intent-filter>
243        </receiver>
244        <receiver
244-->[com.google.android.gms:play-services-measurement:21.1.0] AndroidManifest.xml:29:9-33:20
245            android:name="com.google.android.gms.measurement.AppMeasurementReceiver"
245-->[com.google.android.gms:play-services-measurement:21.1.0] AndroidManifest.xml:30:13-85
246            android:enabled="true"
246-->[com.google.android.gms:play-services-measurement:21.1.0] AndroidManifest.xml:31:13-35
247            android:exported="false" >
247-->[com.google.android.gms:play-services-measurement:21.1.0] AndroidManifest.xml:32:13-37
248        </receiver>
249
250        <service
250-->[com.google.android.gms:play-services-measurement:21.1.0] AndroidManifest.xml:35:9-38:40
251            android:name="com.google.android.gms.measurement.AppMeasurementService"
251-->[com.google.android.gms:play-services-measurement:21.1.0] AndroidManifest.xml:36:13-84
252            android:enabled="true"
252-->[com.google.android.gms:play-services-measurement:21.1.0] AndroidManifest.xml:37:13-35
253            android:exported="false" />
253-->[com.google.android.gms:play-services-measurement:21.1.0] AndroidManifest.xml:38:13-37
254        <service
254-->[com.google.android.gms:play-services-measurement:21.1.0] AndroidManifest.xml:39:9-43:72